<?xml version="1.0" encoding="UTF-8"?>
<testng-results ignored="0" total="1" passed="1" failed="0" skipped="0">
  <reporter-output>
  </reporter-output>
  <suite started-at="2021-06-18T21:31:05 IST" name="Suite" finished-at="2021-06-18T21:31:34 IST" duration-ms="29335">
    <groups>
    </groups>
    <test started-at="2021-06-18T21:31:05 IST" name="AddItem" finished-at="2021-06-18T21:31:34 IST" duration-ms="29335">
      <class name="amazonAutomation.Automation.AddRunningShoes">
        <test-method is-config="true" signature="getBaseDriver()[pri:0, instance:amazonAutomation.Automation.AddRunningShoes@6b19b79]" started-at="2021-06-18T21:31:05 IST" name="getBaseDriver" finished-at="2021-06-18T21:31:07 IST" duration-ms="1998" status="PASS">
          <reporter-output>
          </reporter-output>
        </test-method> <!-- getBaseDriver -->
        <test-method signature="AddItem()[pri:0, instance:amazonAutomation.Automation.AddRunningShoes@6b19b79]" started-at="2021-06-18T21:31:07 IST" name="AddItem" finished-at="2021-06-18T21:31:34 IST" duration-ms="26886" status="PASS">
          <reporter-output>
          </reporter-output>
        </test-method> <!-- AddItem -->
        <test-method is-config="true" signature="closeWindow()[pri:0, instance:amazonAutomation.Automation.AddRunningShoes@6b19b79]" started-at="2021-06-18T21:31:34 IST" name="closeWindow" finished-at="2021-06-18T21:31:34 IST" duration-ms="415" status="PASS">
          <reporter-output>
          </reporter-output>
        </test-method> <!-- closeWindow -->
      </class> <!-- amazonAutomation.Automation.AddRunningShoes -->
    </test> <!-- AddItem -->
  </suite> <!-- Suite -->
</testng-results>
